<?xml version="1.0" encoding="UTF-8"?>
<!-- Generated by org.testng.reporters.JUnitXMLReporter -->
<testsuite hostname="harshits-MacBook-Air.local" failures="2" tests="4" name="validating Creation of learning post" time="99.531" errors="0" timestamp="29 Jul 2021 08:38:09 GMT">
  <testcase classname="encollab.CreateLearningPost" name="CreateLearningDraft" time="24.03">
    <failure type="java.lang.AssertionError" message="expected [2021/07/29 14:07:14content changed for draft : this is a post description body, data entered here is] but found [2021/07/29 14:07:14 Content changed for draft : this is a post description body, data entered here i]">
      <![CDATA[java.lang.AssertionError: expected [2021/07/29 14:07:14content changed for draft : this is a post description body, data entered here is] but found [2021/07/29 14:07:14 Content changed for draft : this is a post description body, data entered here i]
	at encollab.CreateLearningPost.CreateLearningDraft(CreateLearningPost.java:160)
	at java.base/java.util.concurrent.FutureTask.run(FutureTask.java:264)
	at java.base/java.util.concurrent.ThreadPoolExecutor.runWorker(ThreadPoolExecutor.java:1130)
	at java.base/java.util.concurrent.ThreadPoolExecutor$Worker.run(ThreadPoolExecutor.java:630)
	at java.base/java.lang.Thread.run(Thread.java:832)
... Removed 21 stack frames]]>
    </failure>
  </testcase> <!-- CreateLearningDraft -->
  <testcase classname="encollab.CreateLearningPost" name="CreatePostwithYoutubeLink" time="24.942">
    <failure type="java.lang.AssertionError" message="expected [2021/07/29 14:07:27 This is Content saved after creating the draft which is pres ...] but found [2021/07/29 14:07:28 This is Content saved after creating the draft which is pres ...]">
      <![CDATA[java.lang.AssertionError: expected [2021/07/29 14:07:27 This is Content saved after creating the draft which is pres ...] but found [2021/07/29 14:07:28 This is Content saved after creating the draft which is pres ...]
	at encollab.CreateLearningPost.CreatePostwithYoutubeLink(CreateLearningPost.java:315)
	at java.base/java.util.concurrent.FutureTask.run(FutureTask.java:264)
	at java.base/java.util.concurrent.ThreadPoolExecutor.runWorker(ThreadPoolExecutor.java:1130)
	at java.base/java.util.concurrent.ThreadPoolExecutor$Worker.run(ThreadPoolExecutor.java:630)
	at java.base/java.lang.Thread.run(Thread.java:832)
... Removed 21 stack frames]]>
    </failure>
  </testcase> <!-- CreatePostwithYoutubeLink -->
  <testcase classname="encollab.CreateLearningPost" name="EditDraft" time="18.353"/>
  <testcase classname="encollab.CreateLearningPost" name="DeleteDraft" time="1.793"/>
</testsuite> <!-- validating Creation of learning post -->
