<?xml version="1.0" encoding="UTF-8"?>
<!-- Generated by org.testng.reporters.JUnitXMLReporter -->
<testsuite hostname="harshits-MacBook-Air.local" failures="0" tests="6" name="validating  of Creating Post" time="66.078" errors="0" timestamp="3 Aug 2021 03:55:52 GMT">
  <testcase classname="encollab.CreatePost" name="CreateConnectHubDraft" time="9.312"/>
  <testcase classname="encollab.CreatePost" name="CreateLearningDraft" time="7.448"/>
  <testcase classname="encollab.CreatePost" name="CreateConnectPostwithYoutubeLink" time="13.25"/>
  <testcase classname="encollab.CreatePost" name="CreatelearningPostwithYoutubeLink" time="11.966"/>
  <testcase classname="encollab.CreatePost" name="EditDraft" time="8.798"/>
  <testcase classname="encollab.CreatePost" name="DeclineDraft" time="1.072"/>
</testsuite> <!-- validating  of Creating Post -->
