<?xml version="1.0" encoding="UTF-8"?>
<!-- Generated by org.testng.reporters.JUnitXMLReporter -->
<testsuite hostname="harshits-MacBook-Air.local" failures="0" tests="2" name="validating Creation of Connect Hub post" time="78.119" errors="0" timestamp="29 Jul 2021 08:37:48 GMT">
  <testcase classname="encollab.CreateConnectHubPost" name="CreateConnectHubDraft" time="23.203"/>
  <testcase classname="encollab.CreateConnectHubPost" name="CreateConnectPostwithYoutubeLink" time="24.223"/>
</testsuite> <!-- validating Creation of Connect Hub post -->
