<?xml version="1.0" encoding="UTF-8"?>
<!-- Generated by org.testng.reporters.JUnitXMLReporter -->
<testsuite hostname="harshits-MacBook-Air.local" failures="0" tests="12" name="validating MyProfilePage" time="40.613" errors="0" timestamp="2 Aug 2021 15:41:25 GMT">
  <testcase classname="encollab.MyProfile" name="updateUsername" time="3.682"/>
  <testcase classname="encollab.MyProfile" name="updateUsername" time="2.909"/>
  <testcase classname="encollab.MyProfile" name="updateUsername" time="1.74"/>
  <testcase classname="encollab.MyProfile" name="updateUsername" time="1.975"/>
  <testcase classname="encollab.MyProfile" name="updateGender" time="1.697"/>
  <testcase classname="encollab.MyProfile" name="validateCalender" time="1.889"/>
  <testcase classname="encollab.MyProfile" name="validateEmailField" time="0.081"/>
  <testcase classname="encollab.MyProfile" name="updateJobFunction" time="1.192"/>
  <testcase classname="encollab.MyProfile" name="updateOrganization" time="1.006"/>
  <testcase classname="encollab.MyProfile" name="updateContactInfo" time="5.999"/>
  <testcase classname="encollab.MyProfile" name="updateLocation" time="5.712"/>
  <testcase classname="encollab.MyProfile" name="updateWelcomeMessage" time="3.326"/>
</testsuite> <!-- validating MyProfilePage -->
