<?xml version="1.0" encoding="UTF-8"?>
<!-- Generated by org.testng.reporters.JUnitXMLReporter -->
<testsuite hostname="harshits-MacBook-Air.local" failures="0" tests="4" name="Test" time="20.595" errors="0" timestamp="30 Mar 2021 08:38:18 GMT">
  <testcase classname="Eleve.LoginPage" name="loginPageNavigation" time="7.794"/>
  <testcase classname="Eleve.LoginPage" name="loginPageNavigation" time="4.194"/>
  <testcase classname="Eleve.LoginPage" name="loginPageNavigation" time="4.468"/>
  <testcase classname="Eleve.LoginPage" name="loginPageNavigation" time="4.11"/>
</testsuite> <!-- Test -->
