<?xml version="1.0" encoding="UTF-8"?>
<testng-results total="4" passed="3" failed="1" skipped="0">
  <reporter-output>
  </reporter-output>
  <suite started-at="2021-03-30T13:08:00Z" name="Suite" finished-at="2021-03-30T13:08:33Z" duration-ms="33761">
    <groups>
    </groups>
    <test started-at="2021-03-30T13:08:00Z" name="validating user login" finished-at="2021-03-30T13:08:33Z" duration-ms="33761">
      <class name="Eleve.LoginPage">
        <test-method signature="loginPageNavigation(java.lang.String, java.lang.String, java.lang.String)[pri:0, instance:Eleve.LoginPage@62a8fd44]" started-at="2021-03-30T18:38:00Z" name="loginPageNavigation" data-provider="getData" finished-at="2021-03-30T18:38:15Z" duration-ms="15924" status="PASS">
          <params>
            <param index="0">
              <value>
                <![CDATA[mayank@eleve.co.in]]>
              </value>
            </param>
            <param index="1">
              <value>
                <![CDATA[12345678]]>
              </value>
            </param>
            <param index="2">
              <value>
                <![CDATA[1]]>
              </value>
            </param>
          </params>
          <reporter-output>
          </reporter-output>
        </test-method> <!-- loginPageNavigation -->
        <test-method signature="loginPageNavigation(java.lang.String, java.lang.String, java.lang.String)[pri:0, instance:Eleve.LoginPage@62a8fd44]" started-at="2021-03-30T18:38:16Z" name="loginPageNavigation" data-provider="getData" finished-at="2021-03-30T18:38:20Z" duration-ms="4546" status="PASS">
          <params>
            <param index="0">
              <value>
                <![CDATA[mayank@eleve.co.in]]>
              </value>
            </param>
            <param index="1">
              <value>
                <![CDATA[1234567]]>
              </value>
            </param>
            <param index="2">
              <value>
                <![CDATA[2]]>
              </value>
            </param>
          </params>
          <reporter-output>
          </reporter-output>
        </test-method> <!-- loginPageNavigation -->
        <test-method signature="loginPageNavigation(java.lang.String, java.lang.String, java.lang.String)[pri:0, instance:Eleve.LoginPage@62a8fd44]" started-at="2021-03-30T18:38:20Z" name="loginPageNavigation" data-provider="getData" finished-at="2021-03-30T18:38:25Z" duration-ms="4622" status="PASS">
          <params>
            <param index="0">
              <value>
                <![CDATA[mayank@eleve.co.i]]>
              </value>
            </param>
            <param index="1">
              <value>
                <![CDATA[12345678]]>
              </value>
            </param>
            <param index="2">
              <value>
                <![CDATA[3]]>
              </value>
            </param>
          </params>
          <reporter-output>
          </reporter-output>
        </test-method> <!-- loginPageNavigation -->
        <test-method signature="loginPageNavigation(java.lang.String, java.lang.String, java.lang.String)[pri:0, instance:Eleve.LoginPage@62a8fd44]" started-at="2021-03-30T18:38:25Z" name="loginPageNavigation" data-provider="getData" finished-at="2021-03-30T18:38:33Z" duration-ms="8099" status="FAIL">
          <params>
            <param index="0">
              <value>
                <![CDATA[mayank@eleve.co.i]]>
              </value>
            </param>
            <param index="1">
              <value>
                <![CDATA[1234567]]>
              </value>
            </param>
            <param index="2">
              <value>
                <![CDATA[4]]>
              </value>
            </param>
          </params>
          <exception class="org.openqa.selenium.TimeoutException">
            <message>
              <![CDATA[Expected condition failed: waiting for url to match the regex "https://dev-admin.eleveglobal.com/discover/list". Current url: "https://dev-admin.eleveglobal.com/" (tried for 3 second(s) with 500 milliseconds interval)
Build info: version: '3.141.59', revision: 'e82be7d358', time: '2018-11-14T08:17:03'
System info: host: 'harshits-MacBook-Air.local', ip: 'fe80:0:0:0:48c:bab8:b602:78d6%en0', os.name: 'Mac OS X', os.arch: 'x86_64', os.version: '10.16', java.version: '11.0.10'
Driver info: org.openqa.selenium.chrome.ChromeDriver
Capabilities {acceptInsecureCerts: false, browserName: chrome, browserVersion: 89.0.4389.90, chrome: {chromedriverVersion: 89.0.4389.23 (61b08ee2c5002..., userDataDir: /var/folders/mf/5d0879117zv...}, goog:chromeOptions: {debuggerAddress: localhost:62615}, javascriptEnabled: true, networkConnectionEnabled: false, pageLoadStrategy: normal, platform: MAC, platformName: MAC, proxy: Proxy(), setWindowRect: true, strictFileInteractability: false, timeouts: {implicit: 0, pageLoad: 300000, script: 30000}, unhandledPromptBehavior: dismiss and notify, webauthn:extension:largeBlob: true, webauthn:virtualAuthenticators: true}
Session ID: dae2c501a8292f7b31e62e1051574931]]>
            </message>
            <full-stacktrace>
              <![CDATA[org.openqa.selenium.TimeoutException: Expected condition failed: waiting for url to match the regex "https://dev-admin.eleveglobal.com/discover/list". Current url: "https://dev-admin.eleveglobal.com/" (tried for 3 second(s) with 500 milliseconds interval)
Build info: version: '3.141.59', revision: 'e82be7d358', time: '2018-11-14T08:17:03'
System info: host: 'harshits-MacBook-Air.local', ip: 'fe80:0:0:0:48c:bab8:b602:78d6%en0', os.name: 'Mac OS X', os.arch: 'x86_64', os.version: '10.16', java.version: '11.0.10'
Driver info: org.openqa.selenium.chrome.ChromeDriver
Capabilities {acceptInsecureCerts: false, browserName: chrome, browserVersion: 89.0.4389.90, chrome: {chromedriverVersion: 89.0.4389.23 (61b08ee2c5002..., userDataDir: /var/folders/mf/5d0879117zv...}, goog:chromeOptions: {debuggerAddress: localhost:62615}, javascriptEnabled: true, networkConnectionEnabled: false, pageLoadStrategy: normal, platform: MAC, platformName: MAC, proxy: Proxy(), setWindowRect: true, strictFileInteractability: false, timeouts: {implicit: 0, pageLoad: 300000, script: 30000}, unhandledPromptBehavior: dismiss and notify, webauthn:extension:largeBlob: true, webauthn:virtualAuthenticators: true}
Session ID: dae2c501a8292f7b31e62e1051574931
	at org.openqa.selenium.support.ui.WebDriverWait.timeoutException(WebDriverWait.java:95)
	at org.openqa.selenium.support.ui.FluentWait.until(FluentWait.java:272)
	at Eleve.LoginPage.loginPageNavigation(LoginPage.java:96)
	at java.base/jdk.internal.reflect.NativeMethodAccessorImpl.invoke0(Native Method)
	at java.base/jdk.internal.reflect.NativeMethodAccessorImpl.invoke(NativeMethodAccessorImpl.java:62)
	at java.base/jdk.internal.reflect.DelegatingMethodAccessorImpl.invoke(DelegatingMethodAccessorImpl.java:43)
	at java.base/java.lang.reflect.Method.invoke(Method.java:566)
	at org.testng.internal.MethodInvocationHelper.invokeMethod(MethodInvocationHelper.java:80)
	at org.testng.internal.Invoker.invokeMethod(Invoker.java:714)
	at org.testng.internal.Invoker.invokeTestMethod(Invoker.java:901)
	at org.testng.internal.Invoker.invokeTestMethods(Invoker.java:1231)
	at org.testng.internal.TestMethodWorker.invokeTestMethods(TestMethodWorker.java:127)
	at org.testng.internal.TestMethodWorker.run(TestMethodWorker.java:111)
	at org.testng.TestRunner.privateRun(TestRunner.java:767)
	at org.testng.TestRunner.run(TestRunner.java:617)
	at org.testng.SuiteRunner.runTest(SuiteRunner.java:334)
	at org.testng.SuiteRunner.runSequentially(SuiteRunner.java:329)
	at org.testng.SuiteRunner.privateRun(SuiteRunner.java:291)
	at org.testng.SuiteRunner.run(SuiteRunner.java:240)
	at org.testng.SuiteRunnerWorker.runSuite(SuiteRunnerWorker.java:52)
	at org.testng.SuiteRunnerWorker.run(SuiteRunnerWorker.java:86)
	at org.testng.TestNG.runSuitesSequentially(TestNG.java:1198)
	at org.testng.TestNG.runSuitesLocally(TestNG.java:1123)
	at org.testng.TestNG.run(TestNG.java:1031)
	at org.apache.maven.surefire.testng.TestNGExecutor.run(TestNGExecutor.java:284)
	at org.apache.maven.surefire.testng.TestNGXmlTestSuite.execute(TestNGXmlTestSuite.java:75)
	at org.apache.maven.surefire.testng.TestNGProvider.invoke(TestNGProvider.java:119)
	at org.apache.maven.surefire.booter.ForkedBooter.runSuitesInProcess(ForkedBooter.java:428)
	at org.apache.maven.surefire.booter.ForkedBooter.execute(ForkedBooter.java:162)
	at org.apache.maven.surefire.booter.ForkedBooter.run(ForkedBooter.java:562)
	at org.apache.maven.surefire.booter.ForkedBooter.main(ForkedBooter.java:548)
]]>
            </full-stacktrace>
          </exception> <!-- org.openqa.selenium.TimeoutException -->
          <reporter-output>
          </reporter-output>
        </test-method> <!-- loginPageNavigation -->
      </class> <!-- Eleve.LoginPage -->
    </test> <!-- validating user login -->
  </suite> <!-- Suite -->
</testng-results>
