<?xml version="1.0" encoding="UTF-8"?>
<testng-results total="1" passed="1" failed="0" skipped="0">
  <reporter-output>
  </reporter-output>
  <suite started-at="2022-02-21T12:39:27Z" name="Default suite" finished-at="2022-02-21T12:40:25Z" duration-ms="58423">
    <groups>
    </groups>
    <test started-at="2022-02-21T12:39:27Z" name="Default test" finished-at="2022-02-21T12:40:25Z" duration-ms="58423">
      <class name="encollab.Dummycode">
        <test-method is-config="true" signature="openBrowser()[pri:0, instance:encollab.Dummycode@13579834]" started-at="2022-02-21T18:09:27Z" name="openBrowser" finished-at="2022-02-21T18:09:36Z" duration-ms="9131" status="PASS">
          <reporter-output>
          </reporter-output>
        </test-method> <!-- openBrowser -->
        <test-method signature="validateNewUser()[pri:0, instance:encollab.Dummycode@13579834]" started-at="2022-02-21T18:09:36Z" name="validateNewUser" finished-at="2022-02-21T18:10:25Z" duration-ms="49011" status="PASS">
          <reporter-output>
          </reporter-output>
        </test-method> <!-- validateNewUser -->
        <test-method is-config="true" signature="closeBrowser()[pri:0, instance:encollab.Dummycode@13579834]" started-at="2022-02-21T18:10:25Z" name="closeBrowser" finished-at="2022-02-21T18:10:25Z" duration-ms="257" status="PASS">
          <reporter-output>
          </reporter-output>
        </test-method> <!-- closeBrowser -->
      </class> <!-- encollab.Dummycode -->
    </test> <!-- Default test -->
  </suite> <!-- Default suite -->
</testng-results>
